<?xml version="1.0" encoding="UTF-8"?>
<testsuites name="jest tests" tests="5" failures="0" errors="0" time="1.353">
  <testsuite name="ApiKeyStrategy" errors="0" failures="0" skipped="0" timestamp="2025-08-04T13:55:41" time="0.975" tests="5">
    <testcase classname="ApiKeyStrategy should be defined" name="ApiKeyStrategy should be defined" time="0.017">
    </testcase>
    <testcase classname="ApiKeyStrategy validate should return the user object when authentication is successful" name="ApiKeyStrategy validate should return the user object when authentication is successful" time="0.004">
    </testcase>
    <testcase classname="ApiKeyStrategy validate should throw an UnauthorizedException if authentication fails" name="ApiKeyStrategy validate should throw an UnauthorizedException if authentication fails" time="0.012">
    </testcase>
    <testcase classname="ApiKeyStrategy validate should throw an UnauthorizedException and log a warning for a malformed Bearer scheme" name="ApiKeyStrategy validate should throw an UnauthorizedException and log a warning for a malformed Bearer scheme" time="0.005">
    </testcase>
    <testcase classname="ApiKeyStrategy validate should not throw for a valid Bearer scheme" name="ApiKeyStrategy validate should not throw for a valid Bearer scheme" time="0.004">
    </testcase>
  </testsuite>
</testsuites>